  menu.cpp
C:\Users\Harpie94\Downloads\MuseBlast\Game\menu.cpp(111,82): warning C4244: 'argument' : conversion de 'T' en 'T', perte possible de données
          with
          [
              T=unsigned int
          ]
          and
          [
              T=float
          ]
C:\Users\Harpie94\Downloads\MuseBlast\Game\menu.cpp(111,62): warning C4244: 'argument' : conversion de 'T' en 'T', perte possible de données
          with
          [
              T=unsigned int
          ]
          and
          [
              T=float
          ]
  Game.vcxproj -> C:\Users\Harpie94\Downloads\MuseBlast\x64\Debug\Game.exe
